d:\vsproject\ksyconsoleapplication\ksyconsoleapplication\debug\vc141.pdb
d:\vsproject\ksyconsoleapplication\ksyconsoleapplication\debug\vc141.idb
d:\vsproject\ksyconsoleapplication\ksyconsoleapplication\debug\npccharacter.obj
d:\vsproject\ksyconsoleapplication\ksyconsoleapplication\debug\monstercharacter.obj
d:\vsproject\ksyconsoleapplication\ksyconsoleapplication\debug\factorycharacter.obj
d:\vsproject\ksyconsoleapplication\ksyconsoleapplication\debug\basecharacter.obj
d:\vsproject\ksyconsoleapplication\ksyconsoleapplication\debug\ksyconsoleapplication.obj
d:\vsproject\ksyconsoleapplication\ksyconsoleapplication\debug\playercharacter.obj
d:\vsproject\ksyconsoleapplication\ksyconsoleapplication\debug\ksyconsoleapplication.pch
d:\vsproject\ksyconsoleapplication\ksyconsoleapplication\debug\pch.obj
d:\vsproject\ksyconsoleapplication\ksyconsoleapplication\debug\vcpkg.applocal.log
d:\vsproject\ksyconsoleapplication\debug\ksyconsoleapplication.exe
d:\vsproject\ksyconsoleapplication\debug\ksyconsoleapplication.ilk
d:\vsproject\ksyconsoleapplication\debug\ksyconsoleapplication.pdb
d:\vsproject\ksyconsoleapplication\ksyconsoleapplication\debug\factorycharacter.obj.enc
d:\vsproject\ksyconsoleapplication\ksyconsoleapplication\debug\ksyconso.06e65a72.tlog\cl.command.1.tlog
d:\vsproject\ksyconsoleapplication\ksyconsoleapplication\debug\ksyconso.06e65a72.tlog\cl.read.1.tlog
d:\vsproject\ksyconsoleapplication\ksyconsoleapplication\debug\ksyconso.06e65a72.tlog\cl.write.1.tlog
d:\vsproject\ksyconsoleapplication\ksyconsoleapplication\debug\ksyconso.06e65a72.tlog\ksyconsoleapplication.write.1u.tlog
d:\vsproject\ksyconsoleapplication\ksyconsoleapplication\debug\ksyconso.06e65a72.tlog\link.command.1.tlog
d:\vsproject\ksyconsoleapplication\ksyconsoleapplication\debug\ksyconso.06e65a72.tlog\link.read.1.tlog
d:\vsproject\ksyconsoleapplication\ksyconsoleapplication\debug\ksyconso.06e65a72.tlog\link.write.1.tlog
